Repo Hash (Nightly Test):     [5c6ce41]
Deploying Cloudformation stack...
-----------------------------------------
Items that will auto-deploy on bootstrap:
Marketplace Item                | Version
--------------------------------+--------
unity-cs-monitoring-lambda      | 0.1
unity-apigateway                | 0.4
unity-proxy                     | 0.14
unity-ui                        | 0.8.0
Nightly Test in the (TODO FIXME) account
Stack Name: [unity-management-console-unity-nightly]
Cloudformation Stack creation exceeded 2400 seconds - [FAIL]
Deploying Management Console...
============================= test session starts ==============================
platform linux -- Python 3.8.10, pytest-8.3.2, pluggy-1.5.0 -- /usr/bin/python3
cachedir: .pytest_cache
rootdir: /home/ubuntu/unity-cs-infra/nightly_tests
collecting ... collected 4 items

test_selenium_mc.py::test_navigate_to_mc_console FAILED                  [ 25%]
test_selenium_mc.py::test_bootstrap_process_status FAILED                [ 50%]
test_selenium_mc.py::test_initiate_core_setup FAILED                     [ 75%]
test_selenium_mc.py::test_core_setup_save_btn FAILED                     [100%]

=================================== FAILURES ===================================
_________________________ test_navigate_to_mc_console __________________________
test_selenium_mc.py:56: in test_navigate_to_mc_console
    driver.get(URL_WITHOUT_CRED)
../../.local/lib/python3.8/site-packages/selenium/webdriver/remote/webdriver.py:363: in get
    self.execute(Command.GET, {"url": url})
../../.local/lib/python3.8/site-packages/selenium/webdriver/remote/webdriver.py:354: in execute
    self.error_handler.check_response(response)
../../.local/lib/python3.8/site-packages/selenium/webdriver/remote/errorhandler.py:229: in check_response
    raise exception_class(message, screen, stacktrace)
E   selenium.common.exceptions.InvalidArgumentException: Message: invalid argument
E     (Session info: chrome=130.0.6723.91)
E   Stacktrace:
E   #0 0x5561d780013a <unknown>
E   #1 0x5561d731b2bd <unknown>
E   #2 0x5561d730316f <unknown>
E   #3 0x5561d73017c8 <unknown>
E   #4 0x5561d7301eba <unknown>
E   #5 0x5561d731dd59 <unknown>
E   #6 0x5561d73ab645 <unknown>
E   #7 0x5561d738c012 <unknown>
E   #8 0x5561d73aaaf6 <unknown>
E   #9 0x5561d738bdb3 <unknown>
E   #10 0x5561d735ac10 <unknown>
E   #11 0x5561d735bbee <unknown>
E   #12 0x5561d77cc3cb <unknown>
E   #13 0x5561d77d0368 <unknown>
E   #14 0x5561d77b9eec <unknown>
E   #15 0x5561d77d0ee7 <unknown>
E   #16 0x5561d779f13f <unknown>
E   #17 0x5561d77ee858 <unknown>
E   #18 0x5561d77eea20 <unknown>
E   #19 0x5561d77fefb6 <unknown>
E   #20 0x7f41fe1a9a94 <unknown>
E   #21 0x7f41fe236a34 __clone
________________________ test_bootstrap_process_status _________________________
test_selenium_mc.py:77: in test_bootstrap_process_status
    bootstrap_status_element = WebDriverWait(driver, 10).until(
../../.local/lib/python3.8/site-packages/selenium/webdriver/support/wait.py:105: in until
    raise TimeoutException(message, screen, stacktrace)
E   selenium.common.exceptions.TimeoutException: Message: 
E   Stacktrace:
E   #0 0x5561d780013a <unknown>
E   #1 0x5561d731b460 <unknown>
E   #2 0x5561d7367f96 <unknown>
E   #3 0x5561d7368221 <unknown>
E   #4 0x5561d73ad5d4 <unknown>
E   #5 0x5561d738c03d <unknown>
E   #6 0x5561d73aaaf6 <unknown>
E   #7 0x5561d738bdb3 <unknown>
E   #8 0x5561d735ac10 <unknown>
E   #9 0x5561d735bbee <unknown>
E   #10 0x5561d77cc3cb <unknown>
E   #11 0x5561d77d0368 <unknown>
E   #12 0x5561d77b9eec <unknown>
E   #13 0x5561d77d0ee7 <unknown>
E   #14 0x5561d779f13f <unknown>
E   #15 0x5561d77ee858 <unknown>
E   #16 0x5561d77eea20 <unknown>
E   #17 0x5561d77fefb6 <unknown>
E   #18 0x7f41fe1a9a94 <unknown>
E   #19 0x7f41fe236a34 __clone

During handling of the above exception, another exception occurred:
test_selenium_mc.py:89: in test_bootstrap_process_status
    raise Exception("Failed to find the bootstrap status message within the specified time.")
E   Exception: Failed to find the bootstrap status message within the specified time.
___________________________ test_initiate_core_setup ___________________________
test_selenium_mc.py:95: in test_initiate_core_setup
    go_button = WebDriverWait(driver, 20).until(
../../.local/lib/python3.8/site-packages/selenium/webdriver/support/wait.py:105: in until
    raise TimeoutException(message, screen, stacktrace)
E   selenium.common.exceptions.TimeoutException: Message: 
E   Stacktrace:
E   #0 0x5561d780013a <unknown>
E   #1 0x5561d731b460 <unknown>
E   #2 0x5561d7367f96 <unknown>
E   #3 0x5561d7368221 <unknown>
E   #4 0x5561d73ad5d4 <unknown>
E   #5 0x5561d738c03d <unknown>
E   #6 0x5561d73aaaf6 <unknown>
E   #7 0x5561d738bdb3 <unknown>
E   #8 0x5561d735ac10 <unknown>
E   #9 0x5561d735bbee <unknown>
E   #10 0x5561d77cc3cb <unknown>
E   #11 0x5561d77d0368 <unknown>
E   #12 0x5561d77b9eec <unknown>
E   #13 0x5561d77d0ee7 <unknown>
E   #14 0x5561d779f13f <unknown>
E   #15 0x5561d77ee858 <unknown>
E   #16 0x5561d77eea20 <unknown>
E   #17 0x5561d77fefb6 <unknown>
E   #18 0x7f41fe1a9a94 <unknown>
E   #19 0x7f41fe236a34 __clone

During handling of the above exception, another exception occurred:
test_selenium_mc.py:104: in test_initiate_core_setup
    raise Exception("Failed to navigate to setup page - either the Go button was not clickable or the URL did not change as expected.")
E   Exception: Failed to navigate to setup page - either the Go button was not clickable or the URL did not change as expected.
___________________________ test_core_setup_save_btn ___________________________
test_selenium_mc.py:116: in test_core_setup_save_btn
    save_button = WebDriverWait(driver, 10).until(
../../.local/lib/python3.8/site-packages/selenium/webdriver/support/wait.py:105: in until
    raise TimeoutException(message, screen, stacktrace)
E   selenium.common.exceptions.TimeoutException: Message: 
E   Stacktrace:
E   #0 0x5561d780013a <unknown>
E   #1 0x5561d731b460 <unknown>
E   #2 0x5561d7367f96 <unknown>
E   #3 0x5561d7368221 <unknown>
E   #4 0x5561d73ad5d4 <unknown>
E   #5 0x5561d738c03d <unknown>
E   #6 0x5561d73aaaf6 <unknown>
E   #7 0x5561d738bdb3 <unknown>
E   #8 0x5561d735ac10 <unknown>
E   #9 0x5561d735bbee <unknown>
E   #10 0x5561d77cc3cb <unknown>
E   #11 0x5561d77d0368 <unknown>
E   #12 0x5561d77b9eec <unknown>
E   #13 0x5561d77d0ee7 <unknown>
E   #14 0x5561d779f13f <unknown>
E   #15 0x5561d77ee858 <unknown>
E   #16 0x5561d77eea20 <unknown>
E   #17 0x5561d77fefb6 <unknown>
E   #18 0x7f41fe1a9a94 <unknown>
E   #19 0x7f41fe236a34 __clone

During handling of the above exception, another exception occurred:
test_selenium_mc.py:128: in test_core_setup_save_btn
    raise Exception("Failed to find or click the core 'Save' button within the specified time.")
E   Exception: Failed to find or click the core 'Save' button within the specified time.
=========================== short test summary info ============================
FAILED test_selenium_mc.py::test_navigate_to_mc_console - selenium.common.exc...
FAILED test_selenium_mc.py::test_bootstrap_process_status - Exception: Failed...
FAILED test_selenium_mc.py::test_initiate_core_setup - Exception: Failed to n...
FAILED test_selenium_mc.py::test_core_setup_save_btn - Exception: Failed to f...
============================== 4 failed in 56.86s ==============================
