Repo Hash (Nightly Test):     [232d8d5]
Deploying Cloudformation stack...
Nightly Test in the (TODO FIXME) account
Stack Name: [unity-management-console-unity-nightly]
Cloudformation Stack creation exceeded 2400 seconds - [FAIL]
Deploying Management Console...
============================= test session starts ==============================
platform linux -- Python 3.8.10, pytest-8.3.2, pluggy-1.5.0 -- /usr/bin/python3
cachedir: .pytest_cache
rootdir: /home/ubuntu/unity-cs-infra/nightly_tests
collecting ... collected 4 items

test_selenium_mc.py::test_navigate_to_mc_console FAILED                  [ 25%]
test_selenium_mc.py::test_bootstrap_process_status FAILED                [ 50%]
test_selenium_mc.py::test_initiate_core_setup FAILED                     [ 75%]
test_selenium_mc.py::test_core_setup_save_btn FAILED                     [100%]

=================================== FAILURES ===================================
_________________________ test_navigate_to_mc_console __________________________
test_selenium_mc.py:56: in test_navigate_to_mc_console
    driver.get(URL_WITHOUT_CRED)
../../.local/lib/python3.8/site-packages/selenium/webdriver/remote/webdriver.py:363: in get
    self.execute(Command.GET, {"url": url})
../../.local/lib/python3.8/site-packages/selenium/webdriver/remote/webdriver.py:354: in execute
    self.error_handler.check_response(response)
../../.local/lib/python3.8/site-packages/selenium/webdriver/remote/errorhandler.py:229: in check_response
    raise exception_class(message, screen, stacktrace)
E   selenium.common.exceptions.InvalidArgumentException: Message: invalid argument
E     (Session info: chrome=128.0.6613.119)
E   Stacktrace:
E   #0 0x556bf88c586a <unknown>
E   #1 0x556bf8593c91 <unknown>
E   #2 0x556bf857b343 <unknown>
E   #3 0x556bf8579a66 <unknown>
E   #4 0x556bf857a1aa <unknown>
E   #5 0x556bf8596771 <unknown>
E   #6 0x556bf8627515 <unknown>
E   #7 0x556bf8608492 <unknown>
E   #8 0x556bf86269c6 <unknown>
E   #9 0x556bf8608233 <unknown>
E   #10 0x556bf85d6093 <unknown>
E   #11 0x556bf85d709e <unknown>
E   #12 0x556bf888cacb <unknown>
E   #13 0x556bf8890a81 <unknown>
E   #14 0x556bf8878695 <unknown>
E   #15 0x556bf88915f2 <unknown>
E   #16 0x556bf885d86f <unknown>
E   #17 0x556bf88b4668 <unknown>
E   #18 0x556bf88b4832 <unknown>
E   #19 0x556bf88c465c <unknown>
E   #20 0x7fdeb5b3ca94 <unknown>
E   #21 0x7fdeb5bc9a34 __clone
________________________ test_bootstrap_process_status _________________________
test_selenium_mc.py:77: in test_bootstrap_process_status
    bootstrap_status_element = WebDriverWait(driver, 10).until(
../../.local/lib/python3.8/site-packages/selenium/webdriver/support/wait.py:105: in until
    raise TimeoutException(message, screen, stacktrace)
E   selenium.common.exceptions.TimeoutException: Message: 
E   Stacktrace:
E   #0 0x556bf88c586a <unknown>
E   #1 0x556bf8593e50 <unknown>
E   #2 0x556bf85e3644 <unknown>
E   #3 0x556bf85e3931 <unknown>
E   #4 0x556bf8629534 <unknown>
E   #5 0x556bf86084bd <unknown>
E   #6 0x556bf86269c6 <unknown>
E   #7 0x556bf8608233 <unknown>
E   #8 0x556bf85d6093 <unknown>
E   #9 0x556bf85d709e <unknown>
E   #10 0x556bf888cacb <unknown>
E   #11 0x556bf8890a81 <unknown>
E   #12 0x556bf8878695 <unknown>
E   #13 0x556bf88915f2 <unknown>
E   #14 0x556bf885d86f <unknown>
E   #15 0x556bf88b4668 <unknown>
E   #16 0x556bf88b4832 <unknown>
E   #17 0x556bf88c465c <unknown>
E   #18 0x7fdeb5b3ca94 <unknown>
E   #19 0x7fdeb5bc9a34 __clone

During handling of the above exception, another exception occurred:
test_selenium_mc.py:89: in test_bootstrap_process_status
    raise Exception("Failed to find the bootstrap status message within the specified time.")
E   Exception: Failed to find the bootstrap status message within the specified time.
___________________________ test_initiate_core_setup ___________________________
test_selenium_mc.py:95: in test_initiate_core_setup
    go_button = WebDriverWait(driver, 20).until(
../../.local/lib/python3.8/site-packages/selenium/webdriver/support/wait.py:105: in until
    raise TimeoutException(message, screen, stacktrace)
E   selenium.common.exceptions.TimeoutException: Message: 
E   Stacktrace:
E   #0 0x556bf88c586a <unknown>
E   #1 0x556bf8593e50 <unknown>
E   #2 0x556bf85e3644 <unknown>
E   #3 0x556bf85e3931 <unknown>
E   #4 0x556bf8629534 <unknown>
E   #5 0x556bf86084bd <unknown>
E   #6 0x556bf86269c6 <unknown>
E   #7 0x556bf8608233 <unknown>
E   #8 0x556bf85d6093 <unknown>
E   #9 0x556bf85d709e <unknown>
E   #10 0x556bf888cacb <unknown>
E   #11 0x556bf8890a81 <unknown>
E   #12 0x556bf8878695 <unknown>
E   #13 0x556bf88915f2 <unknown>
E   #14 0x556bf885d86f <unknown>
E   #15 0x556bf88b4668 <unknown>
E   #16 0x556bf88b4832 <unknown>
E   #17 0x556bf88c465c <unknown>
E   #18 0x7fdeb5b3ca94 <unknown>
E   #19 0x7fdeb5bc9a34 __clone

During handling of the above exception, another exception occurred:
test_selenium_mc.py:104: in test_initiate_core_setup
    raise Exception("Failed to navigate to setup page - either the Go button was not clickable or the URL did not change as expected.")
E   Exception: Failed to navigate to setup page - either the Go button was not clickable or the URL did not change as expected.
___________________________ test_core_setup_save_btn ___________________________
test_selenium_mc.py:116: in test_core_setup_save_btn
    save_button = WebDriverWait(driver, 10).until(
../../.local/lib/python3.8/site-packages/selenium/webdriver/support/wait.py:105: in until
    raise TimeoutException(message, screen, stacktrace)
E   selenium.common.exceptions.TimeoutException: Message: 
E   Stacktrace:
E   #0 0x556bf88c586a <unknown>
E   #1 0x556bf8593e50 <unknown>
E   #2 0x556bf85e3644 <unknown>
E   #3 0x556bf85e3931 <unknown>
E   #4 0x556bf8629534 <unknown>
E   #5 0x556bf86084bd <unknown>
E   #6 0x556bf86269c6 <unknown>
E   #7 0x556bf8608233 <unknown>
E   #8 0x556bf85d6093 <unknown>
E   #9 0x556bf85d709e <unknown>
E   #10 0x556bf888cacb <unknown>
E   #11 0x556bf8890a81 <unknown>
E   #12 0x556bf8878695 <unknown>
E   #13 0x556bf88915f2 <unknown>
E   #14 0x556bf885d86f <unknown>
E   #15 0x556bf88b4668 <unknown>
E   #16 0x556bf88b4832 <unknown>
E   #17 0x556bf88c465c <unknown>
E   #18 0x7fdeb5b3ca94 <unknown>
E   #19 0x7fdeb5bc9a34 __clone

During handling of the above exception, another exception occurred:
test_selenium_mc.py:128: in test_core_setup_save_btn
    raise Exception("Failed to find or click the core 'Save' button within the specified time.")
E   Exception: Failed to find or click the core 'Save' button within the specified time.
=========================== short test summary info ============================
FAILED test_selenium_mc.py::test_navigate_to_mc_console - selenium.common.exc...
FAILED test_selenium_mc.py::test_bootstrap_process_status - Exception: Failed...
FAILED test_selenium_mc.py::test_initiate_core_setup - Exception: Failed to n...
FAILED test_selenium_mc.py::test_core_setup_save_btn - Exception: Failed to f...
============================== 4 failed in 55.58s ==============================
