Repo Hash (Nightly Test):     [0aad9a3]
Repo Hash (Cloudformation):   [d7ba267]
Nightly Test in the unity-cm account
Stack Name: [unity-cs-nightly-management-console]
Stack Status (Final): [CREATE_COMPLETE]
Stack Creation Time: [380 seconds] - PASS
============================= test session starts ==============================
platform linux -- Python 3.8.10, pytest-7.4.3, pluggy-1.3.0 -- /usr/bin/python3
cachedir: .pytest_cache
rootdir: /home/ubuntu/unity-cs-infra/nightly_tests/nightly_tests_ondemand
collecting ... collected 14 items

test_selenium_mc.py::test_navigate_to_mc_console PASSED                  [  7%]
test_selenium_mc.py::test_bootstrap_process_status FAILED                [ 14%]
test_selenium_mc.py::test_initiate_core_setup PASSED                     [ 21%]
test_selenium_mc.py::test_core_setup_save_btn PASSED                     [ 28%]
test_selenium_mc.py::test_click_install_EKS_btn PASSED                   [ 35%]
test_selenium_mc.py::test_EKS_module_name PASSED                         [ 42%]
test_selenium_mc.py::test_EKS_module_branch PASSED                       [ 50%]
test_selenium_mc.py::test_click_EKS_install_btns PASSED                  [ 57%]
test_selenium_mc.py::test_grab_terminal_output_EKS FAILED                [ 64%]
test_selenium_mc.py::test_click_install_SPS_btn PASSED                   [ 71%]
test_selenium_mc.py::test_SPS_module_name PASSED                         [ 78%]
test_selenium_mc.py::test_SPS_module_branch PASSED                       [ 85%]
test_selenium_mc.py::test_click_SPS_install_btns PASSED                  [ 92%]
test_selenium_mc.py::test_grab_terminal_output_SPS FAILED                [100%]

=================================== FAILURES ===================================
________________________ test_bootstrap_process_status _________________________
test_selenium_mc.py:86: in test_bootstrap_process_status
    assert "The Bootstrap Process Failed" not in status_message, "Bootstrap process failed"
E   AssertionError: Bootstrap process failed
E   assert 'The Bootstr...ocess Failed' not in 'The Bootstr...eck The Logs'
E     'The Bootstrap Process Failed' is contained here:
E       The Bootstrap Process Failed Please Check The Logs
________________________ test_grab_terminal_output_EKS _________________________
test_selenium_mc.py:263: in test_grab_terminal_output_EKS
    assert "Error" in output_text.lower(), "Success not found in terminal output"
E   AssertionError: Success not found in terminal output
E   assert 'Error' in '\n\n[error]\n\n\n[error]\n[error]\n\n\n\n\n\n\n\n\n\n\n\n\n\n\n\n\n\n\n\n\n\n\n\n\n\n\n\n\n\n\n\n\n\n\n\n\n\n\n\n\n\n\n\n\n\n\n\n\n\n\n'
E    +  where '\n\n[error]\n\n\n[error]\n[error]\n\n\n\n\n\n\n\n\n\n\n\n\n\n\n\n\n\n\n\n\n\n\n\n\n\n\n\n\n\n\n\n\n\n\n\n\n\n\n\n\n\n\n\n\n\n\n\n\n\n\n' = <built-in method lower of str object at 0x7f3342c61330>()
E    +    where <built-in method lower of str object at 0x7f3342c61330> = '\n\n[ERROR]\n\n\n[ERROR]\n[ERROR]\n\n\n\n\n\n\n\n\n\n\n\n\n\n\n\n\n\n\n\n\n\n\n\n\n\n\n\n\n\n\n\n\n\n\n\n\n\n\n\n\n\n\n\n\n\n\n\n\n\n\n'.lower
________________________ test_grab_terminal_output_SPS _________________________
test_selenium_mc.py:381: in test_grab_terminal_output_SPS
    assert "Error" in output_text.lower(), "Success not found in terminal output"
E   AssertionError: Success not found in terminal output
E   assert 'Error' in '\n\nundefined\n\n\nundefined\nundefined\n\n\n\n\n\n\n\n\n\n\n\n\n\n\n\n\n\n\n\n\n\n\n\n\n\n\n\n\n\n\n\n\n\n\n\n\n\n\n\n\n\n\n\n\n\n\n\n\n\n\n'
E    +  where '\n\nundefined\n\n\nundefined\nundefined\n\n\n\n\n\n\n\n\n\n\n\n\n\n\n\n\n\n\n\n\n\n\n\n\n\n\n\n\n\n\n\n\n\n\n\n\n\n\n\n\n\n\n\n\n\n\n\n\n\n\n' = <built-in method lower of str object at 0x7f3342be01e0>()
E    +    where <built-in method lower of str object at 0x7f3342be01e0> = '\n\nundefined\n\n\nundefined\nundefined\n\n\n\n\n\n\n\n\n\n\n\n\n\n\n\n\n\n\n\n\n\n\n\n\n\n\n\n\n\n\n\n\n\n\n\n\n\n\n\n\n\n\n\n\n\n\n\n\n\n\n'.lower
=========================== short test summary info ============================
FAILED test_selenium_mc.py::test_bootstrap_process_status - AssertionError: B...
FAILED test_selenium_mc.py::test_grab_terminal_output_EKS - AssertionError: S...
FAILED test_selenium_mc.py::test_grab_terminal_output_SPS - AssertionError: S...
======================== 3 failed, 11 passed in 43.63s =========================
