Repo Hash (Nightly Test):     [8c7f9ae]
Repo Hash (Cloudformation):   [12e8d0e]
Nightly Test in the unity-cm account
Stack Name: [unity-cs-nightly-management-console]
Stack Status (Final): [CREATE_COMPLETE]
Stack Creation Time: [400 seconds] - PASS
Traceback (most recent call last):
  File "selenium_test_management_console.py", line 300, in <module>
    test_click_go_button(driver, IMAGE_DIR, test_results)
  File "selenium_test_management_console.py", line 72, in test_click_go_button
    go_button = WebDriverWait(driver, 20).until(
  File "/home/ubuntu/.local/lib/python3.8/site-packages/selenium/webdriver/support/wait.py", line 101, in until
    raise TimeoutException(message, screen, stacktrace)
selenium.common.exceptions.TimeoutException: Message: 
Stacktrace:
#0 0x562b029eed33 <unknown>
#1 0x562b026abf87 <unknown>
#2 0x562b026fbc0e <unknown>
#3 0x562b026fbd11 <unknown>
#4 0x562b02747004 <unknown>
#5 0x562b0272536d <unknown>
#6 0x562b02744297 <unknown>
#7 0x562b027250e3 <unknown>
#8 0x562b026ed044 <unknown>
#9 0x562b026ee44e <unknown>
#10 0x562b029b3861 <unknown>
#11 0x562b029b7785 <unknown>
#12 0x562b029a1285 <unknown>
#13 0x562b029b841f <unknown>
#14 0x562b0298520f <unknown>
#15 0x562b029dc028 <unknown>
#16 0x562b029dc1f7 <unknown>
#17 0x562b029eded4 <unknown>
#18 0x7f76a9c35ac3 <unknown>

