Repo Hash (Nightly Test):     [c31dcbe]
Repo Hash (Cloudformation):   [6f4be6f]
Nightly Test in the unity-cm account
Stack Name: [unity-management-console-hargitay-test8]
Stack Status (Final): [CREATE_COMPLETE]
Stack Creation Time: [400 seconds] - PASS
============================= test session starts ==============================
platform linux -- Python 3.8.10, pytest-7.4.3, pluggy-1.3.0 -- /usr/bin/python3
cachedir: .pytest_cache
rootdir: /home/ubuntu/unity-cs-infra/nightly_tests
collecting ... collected 14 items

test_selenium_mc.py::test_navigate_to_mc_console PASSED                  [  7%]
test_selenium_mc.py::test_bootstrap_process_status PASSED                [ 14%]
test_selenium_mc.py::test_initiate_core_setup PASSED                     [ 21%]
test_selenium_mc.py::test_core_setup_save_btn PASSED                     [ 28%]
test_selenium_mc.py::test_click_install_EKS_btn PASSED                   [ 35%]
test_selenium_mc.py::test_EKS_module_name PASSED                         [ 42%]
test_selenium_mc.py::test_EKS_module_branch PASSED                       [ 50%]
test_selenium_mc.py::test_click_EKS_install_btns PASSED                  [ 57%]
test_selenium_mc.py::test_grab_terminal_output_EKS FAILED                [ 64%]
test_selenium_mc.py::test_click_install_SPS_btn PASSED                   [ 71%]
test_selenium_mc.py::test_SPS_module_name PASSED                         [ 78%]
test_selenium_mc.py::test_SPS_module_branch PASSED                       [ 85%]
test_selenium_mc.py::test_click_SPS_install_btns PASSED                  [ 92%]
test_selenium_mc.py::test_grab_terminal_output_SPS FAILED                [100%]

=================================== FAILURES ===================================
________________________ test_grab_terminal_output_EKS _________________________
test_selenium_mc.py:268: in test_grab_terminal_output_EKS
    assert "Error" in output_text.lower(), "Success not found in terminal output"
E   AssertionError: Success not found in terminal output
E   assert 'Error' in '\n\n[info] apply complete! resources: 6 added, 0 changed, 0 destroyed.\n\n\n[info] apply complete! resources: 6 added, 0 changed, 0 destroyed.\n[info] apply complete! resources: 6 added, 0 changed, 0 destroyed.\n\n\n\n\n\n\n\n\n\n\n\n\n\n\n\n\n\n\n\n\n\n\n\n\n\n\n\n\n\n\n\n\n\n\n\n\n\n\n\n\n\n\n\n\n\n\n\n\n\n\n'
E    +  where '\n\n[info] apply complete! resources: 6 added, 0 changed, 0 destroyed.\n\n\n[info] apply complete! resources: 6 added, 0 changed, 0 destroyed.\n[info] apply complete! resources: 6 added, 0 changed, 0 destroyed.\n\n\n\n\n\n\n\n\n\n\n\n\n\n\n\n\n\n\n\n\n\n\n\n\n\n\n\n\n\n\n\n\n\n\n\n\n\n\n\n\n\n\n\n\n\n\n\n\n\n\n' = <built-in method lower of str object at 0x7f4eb0947ae0>()
E    +    where <built-in method lower of str object at 0x7f4eb0947ae0> = '\n\n[INFO] Apply complete! Resources: 6 added, 0 changed, 0 destroyed.\n\n\n[INFO] Apply complete! Resources: 6 added, 0 changed, 0 destroyed.\n[INFO] Apply complete! Resources: 6 added, 0 changed, 0 destroyed.\n\n\n\n\n\n\n\n\n\n\n\n\n\n\n\n\n\n\n\n\n\n\n\n\n\n\n\n\n\n\n\n\n\n\n\n\n\n\n\n\n\n\n\n\n\n\n\n\n\n\n'.lower
________________________ test_grab_terminal_output_SPS _________________________
test_selenium_mc.py:386: in test_grab_terminal_output_SPS
    assert "Error" in output_text.lower(), "Success not found in terminal output"
E   AssertionError: Success not found in terminal output
E   assert 'Error' in '\n\nundefined\n\n\nundefined\nundefined\n\n\n\n\n\n\n\n\n\n\n\n\n\n\n\n\n\n\n\n\n\n\n\n\n\n\n\n\n\n\n\n\n\n\n\n\n\n\n\n\n\n\n\n\n\n\n\n\n\n\n'
E    +  where '\n\nundefined\n\n\nundefined\nundefined\n\n\n\n\n\n\n\n\n\n\n\n\n\n\n\n\n\n\n\n\n\n\n\n\n\n\n\n\n\n\n\n\n\n\n\n\n\n\n\n\n\n\n\n\n\n\n\n\n\n\n' = <built-in method lower of str object at 0x7f4eb090fdb0>()
E    +    where <built-in method lower of str object at 0x7f4eb090fdb0> = '\n\nundefined\n\n\nundefined\nundefined\n\n\n\n\n\n\n\n\n\n\n\n\n\n\n\n\n\n\n\n\n\n\n\n\n\n\n\n\n\n\n\n\n\n\n\n\n\n\n\n\n\n\n\n\n\n\n\n\n\n\n'.lower
=========================== short test summary info ============================
FAILED test_selenium_mc.py::test_grab_terminal_output_EKS - AssertionError: S...
FAILED test_selenium_mc.py::test_grab_terminal_output_SPS - AssertionError: S...
=================== 2 failed, 12 passed in 378.48s (0:06:18) ===================
