Repo Hash (Nightly Test):     [2721852]
Repo Hash (Cloudformation):   [d7ba267]
Nightly Test in the unity-cm account
Stack Name: [unity-cs-nightly-management-console]
Stack Status (Final): [CREATE_COMPLETE]
Stack Creation Time: [420 seconds] - PASS
============================= test session starts ==============================
platform linux -- Python 3.8.10, pytest-7.4.3, pluggy-1.3.0 -- /usr/bin/python3
cachedir: .pytest_cache
rootdir: /home/ubuntu/unity-cs-infra/nightly_tests/nightly_tests_ondemand
collecting ... collected 11 items

test_selenium_mc.py::test_navigate_to_mc_console PASSED                  [  9%]
test_selenium_mc.py::test_bootstrap_process_status FAILED                [ 18%]
test_selenium_mc.py::test_initiate_core_setup PASSED                     [ 27%]
test_selenium_mc.py::test_core_setup_save_btn PASSED                     [ 36%]
test_selenium_mc.py::test_grab_terminal_output FAILED                    [ 45%]
test_selenium_mc.py::test_navigate_to_marketplace PASSED                 [ 54%]
test_selenium_mc.py::test_clicker_install_eks_btn PASSED                 [ 63%]
test_selenium_mc.py::test_eks_module_name PASSED                         [ 72%]
test_selenium_mc.py::test_eks_module_branch PASSED                       [ 81%]
test_selenium_mc.py::test_click_first_button PASSED                      [ 90%]
test_selenium_mc.py::test_grab_terminal_output_two FAILED                [100%]

=================================== FAILURES ===================================
________________________ test_bootstrap_process_status _________________________
test_selenium_mc.py:77: in test_bootstrap_process_status
    assert "The Bootstrap Process Failed" not in status_message, "Bootstrap process failed"
E   AssertionError: Bootstrap process failed
E   assert 'The Bootstr...ocess Failed' not in 'The Bootstr...eck The Logs'
E     'The Bootstrap Process Failed' is contained here:
E       The Bootstrap Process Failed Please Check The Logs
__________________________ test_grab_terminal_output ___________________________
test_selenium_mc.py:134: in test_grab_terminal_output
    assert "Error" in output_text.lower(), "Success not found in terminal output"
E   AssertionError: Success not found in terminal output
E   assert 'Error' in '\n\nundefined\n[info] {\n[info] "terraform_version": "1.6.6",\n[info] "platform": "linux_amd64",\n[info] "provider_selections": {\n[info] "registry.terraform.io/hashicorp/aws": "5.34.0",\n[info] "registry.terraform.io/hashicorp/null": "3.2.2"\n[info] },\n[info] "terraform_outdated": true\n[info] }\n[info]\n[info] initializing the backend...\n[info] upgrading modules...\n[info] downloading file:///home/ubuntu/management-console/workflowresources/terr\naform/modules/unity-apigateway/0.1-beta/terraform-project-api-gateway_module for\nobqpbw-unity-apigateway-kwmnw...\n[info] - obqpbw-unity-apigateway-kwmnw in .terraform/modules/obqpbw-unity-apigat\neway-kwmnw\n[info] downloading file:///home/ubuntu/management-console/workflowresources/terr\naform/modules/unity-proxy/0.1/terraform-unity for obqpbw-unity-proxy-syjeu...\n[info] - obqpbw-unity-proxy-syjeu in .terraform/modules/obqpbw-unity-proxy-syjeu\n[info] downloading file:///home/ubuntu/management-console/terraform/modules/unit\ny-cloud-env for unity-cloud-env...\n[info] downloading file:///home/ubuntu/management-console/workflowresources/terr\naform/modules/unity-cloud-env/0.1/unity-cloud-env for unity-cloud-env-krwqo...\n[info] - ...w\n[info] downloading file:///home/ubuntu/management-console/workflowresources/terr\naform/modules/unity-proxy/0.1/terraform-unity for obqpbw-unity-proxy-syjeu...\n[info] - obqpbw-unity-proxy-syjeu in .terraform/modules/obqpbw-unity-proxy-syjeu\n[info] downloading file:///home/ubuntu/management-console/terraform/modules/unit\ny-cloud-env for unity-cloud-env...\n[info] downloading file:///home/ubuntu/management-console/workflowresources/terr\naform/modules/unity-cloud-env/0.1/unity-cloud-env for unity-cloud-env-krwqo...\n[info] - unity-cloud-env-krwqo in .terraform/modules/unity-cloud-env-krwqo\n[error]\n[error] error: failed to download module\n[error]\n[error] on params.tf line 1:\n[error] 1: module "unity-cloud-env" {\n[error]\n[error] could not download module "unity-cloud-env" (params.tf:1) source code fr\nom\n[error] "file:///home/ubuntu/management-console/terraform/modules/unity-cloud-en\nv":\n[error] error downloading\n[error] \'file:///home/ubuntu/management-console/terraform/modules/unity-cloud-en\nv\':\n[error] source path error: stat\n[error] /home/ubuntu/management-console/terraform/modules/unity-cloud-env: no su\nch\n[error] file or directory\n[error]\n\n\n\n\n\n\n\n'
E    +  where '\n\nundefined\n[info] {\n[info] "terraform_version": "1.6.6",\n[info] "platform": "linux_amd64",\n[info] "provider_selections": {\n[info] "registry.terraform.io/hashicorp/aws": "5.34.0",\n[info] "registry.terraform.io/hashicorp/null": "3.2.2"\n[info] },\n[info] "terraform_outdated": true\n[info] }\n[info]\n[info] initializing the backend...\n[info] upgrading modules...\n[info] downloading file:///home/ubuntu/management-console/workflowresources/terr\naform/modules/unity-apigateway/0.1-beta/terraform-project-api-gateway_module for\nobqpbw-unity-apigateway-kwmnw...\n[info] - obqpbw-unity-apigateway-kwmnw in .terraform/modules/obqpbw-unity-apigat\neway-kwmnw\n[info] downloading file:///home/ubuntu/management-console/workflowresources/terr\naform/modules/unity-proxy/0.1/terraform-unity for obqpbw-unity-proxy-syjeu...\n[info] - obqpbw-unity-proxy-syjeu in .terraform/modules/obqpbw-unity-proxy-syjeu\n[info] downloading file:///home/ubuntu/management-console/terraform/modules/unit\ny-cloud-env for unity-cloud-env...\n[info] downloading file:///home/ubuntu/management-console/workflowresources/terr\naform/modules/unity-cloud-env/0.1/unity-cloud-env for unity-cloud-env-krwqo...\n[info] - ...w\n[info] downloading file:///home/ubuntu/management-console/workflowresources/terr\naform/modules/unity-proxy/0.1/terraform-unity for obqpbw-unity-proxy-syjeu...\n[info] - obqpbw-unity-proxy-syjeu in .terraform/modules/obqpbw-unity-proxy-syjeu\n[info] downloading file:///home/ubuntu/management-console/terraform/modules/unit\ny-cloud-env for unity-cloud-env...\n[info] downloading file:///home/ubuntu/management-console/workflowresources/terr\naform/modules/unity-cloud-env/0.1/unity-cloud-env for unity-cloud-env-krwqo...\n[info] - unity-cloud-env-krwqo in .terraform/modules/unity-cloud-env-krwqo\n[error]\n[error] error: failed to download module\n[error]\n[error] on params.tf line 1:\n[error] 1: module "unity-cloud-env" {\n[error]\n[error] could not download module "unity-cloud-env" (params.tf:1) source code fr\nom\n[error] "file:///home/ubuntu/management-console/terraform/modules/unity-cloud-en\nv":\n[error] error downloading\n[error] \'file:///home/ubuntu/management-console/terraform/modules/unity-cloud-en\nv\':\n[error] source path error: stat\n[error] /home/ubuntu/management-console/terraform/modules/unity-cloud-env: no su\nch\n[error] file or directory\n[error]\n\n\n\n\n\n\n\n' = <built-in method lower of str object at 0x10e9fb0>()
E    +    where <built-in method lower of str object at 0x10e9fb0> = '\n\nundefined\n[INFO] {\n[INFO] "terraform_version": "1.6.6",\n[INFO] "platform": "linux_amd64",\n[INFO] "provider_selections": {\n[INFO] "registry.terraform.io/hashicorp/aws": "5.34.0",\n[INFO] "registry.terraform.io/hashicorp/null": "3.2.2"\n[INFO] },\n[INFO] "terraform_outdated": true\n[INFO] }\n[INFO]\n[INFO] Initializing the backend...\n[INFO] Upgrading modules...\n[INFO] Downloading file:///home/ubuntu/management-console/workflowresources/terr\naform/modules/unity-apigateway/0.1-beta/terraform-project-api-gateway_module for\noBQPBw-unity-apigateway-KwMNW...\n[INFO] - oBQPBw-unity-apigateway-KwMNW in .terraform/modules/oBQPBw-unity-apigat\neway-KwMNW\n[INFO] Downloading file:///home/ubuntu/management-console/workflowresources/terr\naform/modules/unity-proxy/0.1/terraform-unity for oBQPBw-unity-proxy-SYjEu...\n[INFO] - oBQPBw-unity-proxy-SYjEu in .terraform/modules/oBQPBw-unity-proxy-SYjEu\n[INFO] Downloading file:///home/ubuntu/management-console/terraform/modules/unit\ny-cloud-env for unity-cloud-env...\n[INFO] Downloading file:///home/ubuntu/management-console/workflowresources/terr\naform/modules/unity-cloud-env/0.1/unity-cloud-env for unity-cloud-env-kRWQO...\n[INFO] - ...W\n[INFO] Downloading file:///home/ubuntu/management-console/workflowresources/terr\naform/modules/unity-proxy/0.1/terraform-unity for oBQPBw-unity-proxy-SYjEu...\n[INFO] - oBQPBw-unity-proxy-SYjEu in .terraform/modules/oBQPBw-unity-proxy-SYjEu\n[INFO] Downloading file:///home/ubuntu/management-console/terraform/modules/unit\ny-cloud-env for unity-cloud-env...\n[INFO] Downloading file:///home/ubuntu/management-console/workflowresources/terr\naform/modules/unity-cloud-env/0.1/unity-cloud-env for unity-cloud-env-kRWQO...\n[INFO] - unity-cloud-env-kRWQO in .terraform/modules/unity-cloud-env-kRWQO\n[ERROR]\n[ERROR] Error: Failed to download module\n[ERROR]\n[ERROR] on params.tf line 1:\n[ERROR] 1: module "unity-cloud-env" {\n[ERROR]\n[ERROR] Could not download module "unity-cloud-env" (params.tf:1) source code fr\nom\n[ERROR] "file:///home/ubuntu/management-console/terraform/modules/unity-cloud-en\nv":\n[ERROR] error downloading\n[ERROR] \'file:///home/ubuntu/management-console/terraform/modules/unity-cloud-en\nv\':\n[ERROR] source path error: stat\n[ERROR] /home/ubuntu/management-console/terraform/modules/unity-cloud-env: no su\nch\n[ERROR] file or directory\n[ERROR]\n\n\n\n\n\n\n\n'.lower
________________________ test_grab_terminal_output_two _________________________
test_selenium_mc.py:255: in test_grab_terminal_output_two
    terminal_output_element = WebDriverWait(driver, 10).until(
../../../.local/lib/python3.8/site-packages/selenium/webdriver/support/wait.py:101: in until
    raise TimeoutException(message, screen, stacktrace)
E   selenium.common.exceptions.TimeoutException: Message: 
E   Stacktrace:
E   #0 0x557207a41f83 <unknown>
E   #1 0x5572076facf7 <unknown>
E   #2 0x55720774a99e <unknown>
E   #3 0x55720774aaa1 <unknown>
E   #4 0x557207795d64 <unknown>
E   #5 0x5572077740dd <unknown>
E   #6 0x557207793006 <unknown>
E   #7 0x557207773e53 <unknown>
E   #8 0x55720773bdd4 <unknown>
E   #9 0x55720773d1de <unknown>
E   #10 0x557207a06531 <unknown>
E   #11 0x557207a0a455 <unknown>
E   #12 0x5572079f2f55 <unknown>
E   #13 0x557207a0b0ef <unknown>
E   #14 0x5572079d699f <unknown>
E   #15 0x557207a2f008 <unknown>
E   #16 0x557207a2f1d7 <unknown>
E   #17 0x557207a41124 <unknown>
E   #18 0x7f548a40aac3 <unknown>

During handling of the above exception, another exception occurred:
test_selenium_mc.py:259: in test_grab_terminal_output_two
    raise Exception("Failed to find or load the terminal output element within the specified time.")
E   Exception: Failed to find or load the terminal output element within the specified time.
=========================== short test summary info ============================
FAILED test_selenium_mc.py::test_bootstrap_process_status - AssertionError: B...
FAILED test_selenium_mc.py::test_grab_terminal_output - AssertionError: Succe...
FAILED test_selenium_mc.py::test_grab_terminal_output_two - Exception: Failed...
========================= 3 failed, 8 passed in 44.85s =========================
