Repo Hash (Nightly Test):     [a5ae093]
Repo Hash (Cloudformation):   [a0876b6]
Nightly Test in the (TODO FIXME) account
Stack Name: [unity-management-console-unity-nightly]
Stack Status (Final): [CREATE_COMPLETE]
Stack Creation Time: [400 seconds] - PASS
============================= test session starts ==============================
platform linux -- Python 3.8.10, pytest-8.0.2, pluggy-1.4.0 -- /usr/bin/python3
cachedir: .pytest_cache
rootdir: /home/ubuntu/unity-cs-infra/nightly_tests
collecting ... collected 9 items

test_selenium_mc.py::test_navigate_to_mc_console PASSED                  [ 11%]
test_selenium_mc.py::test_bootstrap_process_status PASSED                [ 22%]
test_selenium_mc.py::test_initiate_core_setup PASSED                     [ 33%]
test_selenium_mc.py::test_core_setup_save_btn PASSED                     [ 44%]
test_selenium_mc.py::test_naviate_to_SPS_module FAILED                   [ 55%]
test_selenium_mc.py::test_SPS_module_name FAILED                         [ 66%]
test_selenium_mc.py::test_SPS_module_branch FAILED                       [ 77%]
test_selenium_mc.py::test_click_SPS_install_btns FAILED                  [ 88%]
test_selenium_mc.py::test_SPS_install_status FAILED                      [100%]

=================================== FAILURES ===================================
__________________________ test_naviate_to_SPS_module __________________________
test_selenium_mc.py:158: in test_naviate_to_SPS_module
    install_button = WebDriverWait(driver, 10).until(
../../.local/lib/python3.8/site-packages/selenium/webdriver/support/wait.py:105: in until
    raise TimeoutException(message, screen, stacktrace)
E   selenium.common.exceptions.TimeoutException: Message: 
E   Stacktrace:
E   #0 0x5637bf7668a3 <unknown>
E   #1 0x5637bf45c8c6 <unknown>
E   #2 0x5637bf4a7618 <unknown>
E   #3 0x5637bf4a76d1 <unknown>
E   #4 0x5637bf4ea744 <unknown>
E   #5 0x5637bf4c95cd <unknown>
E   #6 0x5637bf4e7c19 <unknown>
E   #7 0x5637bf4c9343 <unknown>
E   #8 0x5637bf49a593 <unknown>
E   #9 0x5637bf49af5e <unknown>
E   #10 0x5637bf72a88b <unknown>
E   #11 0x5637bf72e7e5 <unknown>
E   #12 0x5637bf7185b1 <unknown>
E   #13 0x5637bf72f372 <unknown>
E   #14 0x5637bf6fd8bf <unknown>
E   #15 0x5637bf755768 <unknown>
E   #16 0x5637bf75593b <unknown>
E   #17 0x5637bf7659f4 <unknown>
E   #18 0x7f1b98456ac3 <unknown>

During handling of the above exception, another exception occurred:
test_selenium_mc.py:167: in test_naviate_to_SPS_module
    raise Exception("Failed to naviagate to SPS module - either the button was not clickable or the URL did not update as expected.")
E   Exception: Failed to naviagate to SPS module - either the button was not clickable or the URL did not update as expected.
_____________________________ test_SPS_module_name _____________________________
test_selenium_mc.py:180: in test_SPS_module_name
    text_box = WebDriverWait(driver, 10).until(
../../.local/lib/python3.8/site-packages/selenium/webdriver/support/wait.py:105: in until
    raise TimeoutException(message, screen, stacktrace)
E   selenium.common.exceptions.TimeoutException: Message: 
E   Stacktrace:
E   #0 0x5637bf7668a3 <unknown>
E   #1 0x5637bf45c8c6 <unknown>
E   #2 0x5637bf4a7618 <unknown>
E   #3 0x5637bf4a76d1 <unknown>
E   #4 0x5637bf4ea744 <unknown>
E   #5 0x5637bf4c95cd <unknown>
E   #6 0x5637bf4e7c19 <unknown>
E   #7 0x5637bf4c9343 <unknown>
E   #8 0x5637bf49a593 <unknown>
E   #9 0x5637bf49af5e <unknown>
E   #10 0x5637bf72a88b <unknown>
E   #11 0x5637bf72e7e5 <unknown>
E   #12 0x5637bf7185b1 <unknown>
E   #13 0x5637bf72f372 <unknown>
E   #14 0x5637bf6fd8bf <unknown>
E   #15 0x5637bf755768 <unknown>
E   #16 0x5637bf75593b <unknown>
E   #17 0x5637bf7659f4 <unknown>
E   #18 0x7f1b98456ac3 <unknown>

During handling of the above exception, another exception occurred:
test_selenium_mc.py:189: in test_SPS_module_name
    raise Exception(f"Failed to find or interact with the specified element (ID: {element_id}).")
E   Exception: Failed to find or interact with the specified element (ID: name).
____________________________ test_SPS_module_branch ____________________________
test_selenium_mc.py:201: in test_SPS_module_branch
    next_button = WebDriverWait(driver, 10).until(
../../.local/lib/python3.8/site-packages/selenium/webdriver/support/wait.py:105: in until
    raise TimeoutException(message, screen, stacktrace)
E   selenium.common.exceptions.TimeoutException: Message: 
E   Stacktrace:
E   #0 0x5637bf7668a3 <unknown>
E   #1 0x5637bf45c8c6 <unknown>
E   #2 0x5637bf4a7618 <unknown>
E   #3 0x5637bf4a76d1 <unknown>
E   #4 0x5637bf4ea744 <unknown>
E   #5 0x5637bf4c95cd <unknown>
E   #6 0x5637bf4e7c19 <unknown>
E   #7 0x5637bf4c9343 <unknown>
E   #8 0x5637bf49a593 <unknown>
E   #9 0x5637bf49af5e <unknown>
E   #10 0x5637bf72a88b <unknown>
E   #11 0x5637bf72e7e5 <unknown>
E   #12 0x5637bf7185b1 <unknown>
E   #13 0x5637bf72f372 <unknown>
E   #14 0x5637bf6fd8bf <unknown>
E   #15 0x5637bf755768 <unknown>
E   #16 0x5637bf75593b <unknown>
E   #17 0x5637bf7659f4 <unknown>
E   #18 0x7f1b98456ac3 <unknown>

During handling of the above exception, another exception occurred:
test_selenium_mc.py:214: in test_SPS_module_branch
    raise Exception(f"Textbox for branch name (ID: {element_id}) not found.")
E   Exception: Textbox for branch name (ID: branch) not found.
_________________________ test_click_SPS_install_btns __________________________
test_selenium_mc.py:225: in test_click_SPS_install_btns
    next_button = WebDriverWait(driver, 10).until(
../../.local/lib/python3.8/site-packages/selenium/webdriver/support/wait.py:105: in until
    raise TimeoutException(message, screen, stacktrace)
E   selenium.common.exceptions.TimeoutException: Message: 
E   Stacktrace:
E   #0 0x5637bf7668a3 <unknown>
E   #1 0x5637bf45c8c6 <unknown>
E   #2 0x5637bf4a7618 <unknown>
E   #3 0x5637bf4a76d1 <unknown>
E   #4 0x5637bf4ea744 <unknown>
E   #5 0x5637bf4c95cd <unknown>
E   #6 0x5637bf4e7c19 <unknown>
E   #7 0x5637bf4c9343 <unknown>
E   #8 0x5637bf49a593 <unknown>
E   #9 0x5637bf49af5e <unknown>
E   #10 0x5637bf72a88b <unknown>
E   #11 0x5637bf72e7e5 <unknown>
E   #12 0x5637bf7185b1 <unknown>
E   #13 0x5637bf72f372 <unknown>
E   #14 0x5637bf6fd8bf <unknown>
E   #15 0x5637bf755768 <unknown>
E   #16 0x5637bf75593b <unknown>
E   #17 0x5637bf7659f4 <unknown>
E   #18 0x7f1b98456ac3 <unknown>

During handling of the above exception, another exception occurred:
test_selenium_mc.py:246: in test_click_SPS_install_btns
    raise Exception(f"Failed to find or click the first button (class: {next_button_class}).")
E   NameError: name 'next_button_class' is not defined
___________________________ test_SPS_install_status ____________________________
test_selenium_mc.py:258: in test_SPS_install_status
    install_status_button = WebDriverWait(driver, 10).until(
../../.local/lib/python3.8/site-packages/selenium/webdriver/support/wait.py:105: in until
    raise TimeoutException(message, screen, stacktrace)
E   selenium.common.exceptions.TimeoutException: Message: 
E   Stacktrace:
E   #0 0x5637bf7668a3 <unknown>
E   #1 0x5637bf45c8c6 <unknown>
E   #2 0x5637bf4a7618 <unknown>
E   #3 0x5637bf4a76d1 <unknown>
E   #4 0x5637bf4ea744 <unknown>
E   #5 0x5637bf4c95cd <unknown>
E   #6 0x5637bf4e7c19 <unknown>
E   #7 0x5637bf4c9343 <unknown>
E   #8 0x5637bf49a593 <unknown>
E   #9 0x5637bf49af5e <unknown>
E   #10 0x5637bf72a88b <unknown>
E   #11 0x5637bf72e7e5 <unknown>
E   #12 0x5637bf7185b1 <unknown>
E   #13 0x5637bf72f372 <unknown>
E   #14 0x5637bf6fd8bf <unknown>
E   #15 0x5637bf755768 <unknown>
E   #16 0x5637bf75593b <unknown>
E   #17 0x5637bf7659f4 <unknown>
E   #18 0x7f1b98456ac3 <unknown>

During handling of the above exception, another exception occurred:
test_selenium_mc.py:262: in test_SPS_install_status
    raise Exception("Failed to find or locate the status button")
E   Exception: Failed to find or locate the status button
=========================== short test summary info ============================
FAILED test_selenium_mc.py::test_naviate_to_SPS_module - Exception: Failed to...
FAILED test_selenium_mc.py::test_SPS_module_name - Exception: Failed to find ...
FAILED test_selenium_mc.py::test_SPS_module_branch - Exception: Textbox for b...
FAILED test_selenium_mc.py::test_click_SPS_install_btns - NameError: name 'ne...
FAILED test_selenium_mc.py::test_SPS_install_status - Exception: Failed to fi...
=================== 5 failed, 4 passed in 136.97s (0:02:16) ====================
